<?xml version="1.0" encoding="UTF-8"?>
<!-- Generated by org.testng.reporters.JUnitReportReporter -->
<testsuite skipped="0" hostname="DESKTOP-IN2QM7H" name="com.orangehrm.test.Priority" tests="4" failures="0" timestamp="2021-03-25T23:15:05 IST" time="16.508" errors="0">
  <testcase name="b_method" time="2.915" classname="com.orangehrm.test.Priority"/>
  <system-out/>
  <testcase name="a_method" time="10.942" classname="com.orangehrm.test.Priority"/>
  <system-out/>
  <testcase name="c_method" time="2.641" classname="com.orangehrm.test.Priority"/>
  <system-out/>
  <testcase name="d_method" time="0.010" classname="com.orangehrm.test.Priority"/>
  <system-out>
Facebook - Google Search  </system-out>
</testsuite> <!-- com.orangehrm.test.Priority -->
